# JRE version: OpenJDK Runtime Environment (21.0.5) (build 21.0.5+-12932927-b750.29)
# Java VM: OpenJDK 64-Bit Server VM (21.0.5+-12932927-b750.29, mixed mode, tiered, compressed oops, compressed class ptrs, g1 gc, windows-amd64)
GC Precious Log:
 CardTable entry size: 512
 Card Set container configuration: InlinePtr #cards 5 size 8 Array Of Cards #cards 12 size 40 Howl #buckets 4 coarsen threshold 1843 Howl Bitmap #cards 512 size 80 coarsen threshold 460 Card regions per heap region 1 cards per card region 2048
 CPUs: 16 total, 16 available
 Memory: 15791M
 Large Page Support: Disabled
 NUMA Support: Disabled
 Compressed Oops: Enabled (32-bit)
 Heap Region Size: 1M
 Heap Min Capacity: 8M
 Heap Initial Capacity: 248M
 Heap Max Capacity: 2G
 Pre-touch: Disabled
 Parallel Workers: 13
 Concurrent Workers: 3
 Concurrent Refinement Workers: 13
 Periodic GC: Disabled
Heap:
 garbage-first heap   total 371712K, used 226304K [0x0000000080000000, 0x0000000100000000)
  region size 1024K, 71 young (72704K), 7 survivors (7168K)
 Metaspace       used 124285K, committed 126464K, reserved 1179648K
  class space    used 16410K, committed 17536K, reserved 1048576K
GC Heap History (20 events):
Event: 12.428 GC heap before
{Heap before GC invocations=40 (full 0):
 garbage-first heap   total 193536K, used 169495K [0x0000000080000000, 0x0000000100000000)
  region size 1024K, 54 young (55296K), 3 survivors (3072K)
 Metaspace       used 114644K, committed 116864K, reserved 1179648K
  class space    used 15398K, committed 16512K, reserved 1048576K
}
Event: 12.434 GC heap after
{Heap after GC invocations=41 (full 0):
 garbage-first heap   total 232448K, used 121360K [0x0000000080000000, 0x0000000100000000)
  region size 1024K, 7 young (7168K), 7 survivors (7168K)
 Metaspace       used 114644K, committed 116864K, reserved 1179648K
  class space    used 15398K, committed 16512K, reserved 1048576K
}
Event: 12.858 GC heap before
{Heap before GC invocations=41 (full 0):
 garbage-first heap   total 232448K, used 202256K [0x0000000080000000, 0x0000000100000000)
  region size 1024K, 87 young (89088K), 7 survivors (7168K)
 Metaspace       used 116882K, committed 119040K, reserved 1179648K
  class space    used 15609K, committed 16704K, reserved 1048576K
}
Event: 12.867 GC heap after
{Heap after GC invocations=42 (full 0):
 garbage-first heap   total 232448K, used 130355K [0x0000000080000000, 0x0000000100000000)
  region size 1024K, 11 young (11264K), 11 survivors (11264K)
 Metaspace       used 116882K, committed 119040K, reserved 1179648K
  class space    used 15609K, committed 16704K, reserved 1048576K
}
Event: 15.369 GC heap before
{Heap before GC invocations=42 (full 0):
 garbage-first heap   total 232448K, used 203059K [0x0000000080000000, 0x0000000100000000)
  region size 1024K, 83 young (84992K), 11 survivors (11264K)
 Metaspace       used 120512K, committed 122688K, reserved 1179648K
  class space    used 16020K, committed 17088K, reserved 1048576K
}
Event: 15.376 GC heap after
{Heap after GC invocations=43 (full 0):
 garbage-first heap   total 232448K, used 133982K [0x0000000080000000, 0x0000000100000000)
  region size 1024K, 8 young (8192K), 8 survivors (8192K)
 Metaspace       used 120512K, committed 122688K, reserved 1179648K
  class space    used 16020K, committed 17088K, reserved 1048576K
}
Event: 59.787 GC heap before
{Heap before GC invocations=43 (full 0):
 garbage-first heap   total 232448K, used 205662K [0x0000000080000000, 0x0000000100000000)
  region size 1024K, 78 young (79872K), 8 survivors (8192K)
 Metaspace       used 121773K, committed 124032K, reserved 1179648K
  class space    used 16185K, committed 17344K, reserved 1048576K
}
Event: 59.793 GC heap after
{Heap after GC invocations=44 (full 0):
 garbage-first heap   total 232448K, used 139471K [0x0000000080000000, 0x0000000100000000)
  region size 1024K, 6 young (6144K), 6 survivors (6144K)
 Metaspace       used 121773K, committed 124032K, reserved 1179648K
  class space    used 16185K, committed 17344K, reserved 1048576K
}
Event: 60.219 GC heap before
{Heap before GC invocations=45 (full 0):
 garbage-first heap   total 232448K, used 199887K [0x0000000080000000, 0x0000000100000000)
  region size 1024K, 74 young (75776K), 6 survivors (6144K)
 Metaspace       used 121931K, committed 124160K, reserved 1179648K
  class space    used 16187K, committed 17344K, reserved 1048576K
}
Event: 60.230 GC heap after
{Heap after GC invocations=46 (full 0):
 garbage-first heap   total 232448K, used 150816K [0x0000000080000000, 0x0000000100000000)
  region size 1024K, 10 young (10240K), 10 survivors (10240K)
 Metaspace       used 121931K, committed 124160K, reserved 1179648K
  class space    used 16187K, committed 17344K, reserved 1048576K
}
Event: 61.663 GC heap before
{Heap before GC invocations=46 (full 0):
 garbage-first heap   total 232448K, used 213280K [0x0000000080000000, 0x0000000100000000)
  region size 1024K, 57 young (58368K), 10 survivors (10240K)
 Metaspace       used 122147K, committed 124416K, reserved 1179648K
  class space    used 16202K, committed 17344K, reserved 1048576K
}
Event: 61.669 GC heap after
{Heap after GC invocations=47 (full 0):
 garbage-first heap   total 232448K, used 136814K [0x0000000080000000, 0x0000000100000000)
  region size 1024K, 5 young (5120K), 5 survivors (5120K)
 Metaspace       used 122147K, committed 124416K, reserved 1179648K
  class space    used 16202K, committed 17344K, reserved 1048576K
}
Event: 74.406 GC heap before
{Heap before GC invocations=47 (full 0):
 garbage-first heap   total 232448K, used 200302K [0x0000000080000000, 0x0000000100000000)
  region size 1024K, 67 young (68608K), 5 survivors (5120K)
 Metaspace       used 122407K, committed 124608K, reserved 1179648K
  class space    used 16204K, committed 17344K, reserved 1048576K
}
Event: 74.412 GC heap after
{Heap after GC invocations=48 (full 0):
 garbage-first heap   total 232448K, used 143360K [0x0000000080000000, 0x0000000100000000)
  region size 1024K, 9 young (9216K), 9 survivors (9216K)
 Metaspace       used 122407K, committed 124608K, reserved 1179648K
  class space    used 16204K, committed 17344K, reserved 1048576K
}
Event: 74.487 GC heap before
{Heap before GC invocations=48 (full 0):
 garbage-first heap   total 232448K, used 150528K [0x0000000080000000, 0x0000000100000000)
  region size 1024K, 18 young (18432K), 9 survivors (9216K)
 Metaspace       used 122426K, committed 124608K, reserved 1179648K
  class space    used 16204K, committed 17344K, reserved 1048576K
}
Event: 74.492 GC heap after
{Heap after GC invocations=49 (full 0):
 garbage-first heap   total 232448K, used 145993K [0x0000000080000000, 0x0000000100000000)
  region size 1024K, 2 young (2048K), 2 survivors (2048K)
 Metaspace       used 122426K, committed 124608K, reserved 1179648K
  class space    used 16204K, committed 17344K, reserved 1048576K
}
Event: 74.642 GC heap before
{Heap before GC invocations=50 (full 0):
 garbage-first heap   total 247808K, used 201289K [0x0000000080000000, 0x0000000100000000)
  region size 1024K, 55 young (56320K), 2 survivors (2048K)
 Metaspace       used 122463K, committed 124736K, reserved 1179648K
  class space    used 16204K, committed 17344K, reserved 1048576K
}
Event: 74.651 GC heap after
{Heap after GC invocations=51 (full 0):
 garbage-first heap   total 247808K, used 168177K [0x0000000080000000, 0x0000000100000000)
  region size 1024K, 7 young (7168K), 7 survivors (7168K)
 Metaspace       used 122463K, committed 124736K, reserved 1179648K
  class space    used 16204K, committed 17344K, reserved 1048576K
}
Event: 75.916 GC heap before
{Heap before GC invocations=51 (full 0):
 garbage-first heap   total 247808K, used 227569K [0x0000000080000000, 0x0000000100000000)
  region size 1024K, 51 young (52224K), 7 survivors (7168K)
 Metaspace       used 122628K, committed 124864K, reserved 1179648K
  class space    used 16211K, committed 17344K, reserved 1048576K
}
Event: 75.930 GC heap after
{Heap after GC invocations=52 (full 0):
 garbage-first heap   total 371712K, used 162816K [0x0000000080000000, 0x0000000100000000)
  region size 1024K, 7 young (7168K), 7 survivors (7168K)
 Metaspace       used 122628K, committed 124864K, reserved 1179648K
  class space    used 16211K, committed 17344K, reserved 1048576K
}

